Log file open, 02/08/21 01:23:16
LogInit: Display: Running engine for game: TillDeathDoUsPart
LogPlatformFile: Not using cached read wrapper
LogTaskGraph: Started task graph with 5 named threads and 35 total threads with 3 sets of task threads.
LogStats: Stats thread started at 4.905780
LogD3D11RHI: Loaded GFSDK_Aftermath_Lib.x64.dll
LogICUInternationalization: ICU TimeZone Detection - Raw Offset: +0:00, Platform Override: ''
LogPluginManager: Mounting plugin Paper2D
LogPluginManager: Mounting plugin AISupport
LogPluginManager: Mounting plugin LightPropagationVolume
LogPluginManager: Mounting plugin CameraShakePreviewer
LogPluginManager: Mounting plugin ActorLayerUtilities
LogPluginManager: Mounting plugin AnimationSharing
LogPluginManager: Mounting plugin CLionSourceCodeAccess
LogPluginManager: Mounting plugin CodeLiteSourceCodeAccess
LogPluginManager: Mounting plugin ConcertMain
LogPluginManager: Mounting plugin ConcertSyncClient
LogPluginManager: Mounting plugin ConcertSyncCore
LogPluginManager: Mounting plugin MultiUserClient
LogPluginManager: Mounting plugin GitSourceControl
LogPluginManager: Mounting plugin KDevelopSourceCodeAccess
LogPluginManager: Mounting plugin NullSourceCodeAccess
LogPluginManager: Mounting plugin PerforceSourceControl
LogPluginManager: Mounting plugin PlasticSourceControl
LogPluginManager: Mounting plugin RiderSourceCodeAccess
LogPluginManager: Mounting plugin SubversionSourceControl
LogPluginManager: Mounting plugin UObjectPlugin
LogPluginManager: Mounting plugin VisualStudioCodeSourceCodeAccess
LogPluginManager: Mounting plugin VisualStudioSourceCodeAccess
LogPluginManager: Mounting plugin XCodeSourceCodeAccess
LogPluginManager: Mounting plugin AssetManagerEditor
LogPluginManager: Mounting plugin CryptoKeys
LogPluginManager: Mounting plugin CurveEditorTools
LogPluginManager: Mounting plugin DataValidation
LogPluginManager: Mounting plugin EditorScriptingUtilities
LogPluginManager: Mounting plugin FacialAnimation
LogPluginManager: Mounting plugin GameplayTagsEditor
LogPluginManager: Mounting plugin GeometryMode
LogPluginManager: Mounting plugin MacGraphicsSwitching
LogPluginManager: Mounting plugin MaterialAnalyzer
LogPluginManager: Mounting plugin MobileLauncherProfileWizard
LogPluginManager: Mounting plugin PluginBrowser
LogPluginManager: Mounting plugin SpeedTreeImporter
LogPluginManager: Mounting plugin DatasmithContent
LogPluginManager: Mounting plugin VariantManagerContent
LogPluginManager: Mounting plugin AlembicImporter
LogPluginManager: Mounting plugin AutomationUtils
LogPluginManager: Mounting plugin BackChannel
LogPluginManager: Mounting plugin ChaosCloth
LogPluginManager: Mounting plugin ChaosClothEditor
LogPluginManager: Mounting plugin ChaosEditor
LogPluginManager: Mounting plugin ChaosNiagara
LogPluginManager: Mounting plugin ChaosSolverPlugin
LogPluginManager: Mounting plugin CharacterAI
LogPluginManager: Mounting plugin GeometryCache
LogPluginManager: Mounting plugin GeometryCollectionPlugin
LogPluginManager: Mounting plugin GeometryProcessing
LogPluginManager: Mounting plugin PlanarCut
LogPluginManager: Mounting plugin PlatformCrypto
LogPluginManager: Mounting plugin ProxyLODPlugin
LogPluginManager: Mounting plugin SkeletalReduction
LogPluginManager: Mounting plugin Niagara
LogPluginManager: Mounting plugin MagicLeap
LogPluginManager: Mounting plugin MagicLeapLightEstimation
LogPluginManager: Mounting plugin MagicLeapMedia
LogPluginManager: Mounting plugin MagicLeapPassableWorld
LogPluginManager: Mounting plugin MLSDK
LogPluginManager: Mounting plugin AndroidMedia
LogPluginManager: Mounting plugin AvfMedia
LogPluginManager: Mounting plugin ImgMedia
LogPluginManager: Mounting plugin MediaCompositing
LogPluginManager: Mounting plugin MediaPlayerEditor
LogPluginManager: Mounting plugin WebMMedia
LogPluginManager: Mounting plugin WmfMedia
LogPluginManager: Mounting plugin MeshPainting
LogPluginManager: Mounting plugin TcpMessaging
LogPluginManager: Mounting plugin UdpMessaging
LogPluginManager: Mounting plugin ActorSequence
LogPluginManager: Mounting plugin LevelSequenceEditor
LogPluginManager: Mounting plugin MatineeToLevelSequence
LogPluginManager: Mounting plugin MovieRenderPipeline
LogPluginManager: Mounting plugin TemplateSequence
LogPluginManager: Mounting plugin NetcodeUnitTest
LogPluginManager: Mounting plugin NUTUnrealEngine4
LogPluginManager: Mounting plugin OnlineSubsystemGooglePlay
LogPluginManager: Mounting plugin OnlineSubsystemIOS
LogPluginManager: Mounting plugin OnlineSubsystem
LogPluginManager: Mounting plugin OnlineSubsystemNull
LogPluginManager: Mounting plugin OnlineSubsystemUtils
LogPluginManager: Mounting plugin LauncherChunkInstaller
LogPluginManager: Mounting plugin AndroidDeviceProfileSelector
LogPluginManager: Mounting plugin AndroidMoviePlayer
LogPluginManager: Mounting plugin AndroidPermission
LogPluginManager: Mounting plugin AppleImageUtils
LogPluginManager: Mounting plugin AppleMoviePlayer
LogPluginManager: Mounting plugin ArchVisCharacter
LogPluginManager: Mounting plugin AssetTags
LogPluginManager: Mounting plugin AudioCapture
LogPluginManager: Mounting plugin CableComponent
LogPluginManager: Mounting plugin CustomMeshComponent
LogPluginManager: Mounting plugin SQLiteCore
LogPluginManager: Mounting plugin EditableMesh
LogPluginManager: Mounting plugin ExampleDeviceProfileSelector
LogPluginManager: Mounting plugin GoogleCloudMessaging
LogPluginManager: Mounting plugin GooglePAD
LogPluginManager: Mounting plugin IOSDeviceProfileSelector
LogPluginManager: Mounting plugin LinuxDeviceProfileSelector
LogPluginManager: Mounting plugin LocationServicesBPLibrary
LogPluginManager: Mounting plugin MobilePatchingUtils
LogPluginManager: Mounting plugin OculusVR
LogPluginManager: Mounting plugin PhysXVehicles
LogPluginManager: Mounting plugin PostSplashScreen
LogPluginManager: Mounting plugin ProceduralMeshComponent
LogPluginManager: Mounting plugin RuntimePhysXCooking
LogPluginManager: Mounting plugin SignificanceManager
LogPluginManager: Mounting plugin SoundFields
LogPluginManager: Mounting plugin SteamVR
LogPluginManager: Mounting plugin Synthesis
LogPluginManager: Mounting plugin WebMMoviePlayer
LogPluginManager: Mounting plugin WindowsMoviePlayer
LogPluginManager: Mounting plugin ScreenshotTools
LogInit: Using libcurl 7.55.1-DEV
LogInit:  - built for x86_64-pc-win32
LogInit:  - supports SSL with OpenSSL/1.1.1
LogInit:  - supports HTTP deflate (compression) using libz 1.2.8
LogInit:  - other features:
LogInit:      CURL_VERSION_SSL
LogInit:      CURL_VERSION_LIBZ
LogInit:      CURL_VERSION_IPV6
LogInit:      CURL_VERSION_ASYNCHDNS
LogInit:      CURL_VERSION_LARGEFILE
LogInit:      CURL_VERSION_IDN
LogInit:  CurlRequestOptions (configurable via config and command line):
LogInit:  - bVerifyPeer = true  - Libcurl will verify peer certificate
LogInit:  - bUseHttpProxy = false  - Libcurl will NOT use HTTP proxy
LogInit:  - bDontReuseConnections = false  - Libcurl will reuse connections
LogInit:  - MaxHostConnections = 16  - Libcurl will limit the number of connections to a host
LogInit:  - LocalHostAddr = Default
LogInit:  - BufferSize = 65536
LogOnline: OSS: Creating online subsystem instance for: NULL
LogInit: WinSock: version 1.1 (2.2), MaxSocks=32767, MaxUdp=65467
LogOnline: OSS: TryLoadSubsystemAndSetDefault: Loaded subsystem for module [NULL]
LogOculusPluginWrapper: OculusPlugin initialized successfully
LogHMD: Failed initializing OVRPlugin 1.44.0
LogInit: Build: ++UE4+Release-4.25-CL-14469661
LogInit: Engine Version: 4.25.4-14469661+++UE4+Release-4.25
LogInit: Compatible Engine Version: 4.25.0-13144385+++UE4+Release-4.25
LogInit: Net CL: 13144385
LogInit: OS: Windows 10 (Release 2009) (), CPU: AMD Ryzen 5 3600 6-Core Processor              , GPU: NVIDIA GeForce GTX 1650 SUPER
LogInit: Compiled (64-bit): Oct 11 2020 08:10:49
LogInit: Compiled with Visual C++: 19.24.28315.00
LogInit: Build Configuration: Development
LogInit: Branch Name: ++UE4+Release-4.25
LogInit: Command Line: 
LogInit: Base Directory: D:/Program Files/Epic Games/UE_4.25/Engine/Binaries/Win64/
LogInit: Allocator: TBB
LogInit: Installed Engine Build: 1
LogDevObjectVersion: Number of dev versions registered: 26
LogDevObjectVersion:   Dev-Blueprints (B0D832E4-1F89-4F0D-ACCF-7EB736FD4AA2): 10
LogDevObjectVersion:   Dev-Build (E1C64328-A22C-4D53-A36C-8E866417BD8C): 0
LogDevObjectVersion:   Dev-Core (375EC13C-06E4-48FB-B500-84F0262A717E): 4
LogDevObjectVersion:   Dev-Editor (E4B068ED-F494-42E9-A231-DA0B2E46BB41): 38
LogDevObjectVersion:   Dev-Framework (CFFC743F-43B0-4480-9391-14DF171D2073): 37
LogDevObjectVersion:   Dev-Mobile (B02B49B5-BB20-44E9-A304-32B752E40360): 2
LogDevObjectVersion:   Dev-Networking (A4E4105C-59A1-49B5-A7C5-40C4547EDFEE): 0
LogDevObjectVersion:   Dev-Online (39C831C9-5AE6-47DC-9A44-9C173E1C8E7C): 0
LogDevObjectVersion:   Dev-Physics (78F01B33-EBEA-4F98-B9B4-84EACCB95AA2): 4
LogDevObjectVersion:   Dev-Platform (6631380F-2D4D-43E0-8009-CF276956A95A): 0
LogDevObjectVersion:   Dev-Rendering (12F88B9F-8875-4AFC-A67C-D90C383ABD29): 43
LogDevObjectVersion:   Dev-Sequencer (7B5AE74C-D270-4C10-A958-57980B212A5A): 12
LogDevObjectVersion:   Dev-VR (D7296918-1DD6-4BDD-9DE2-64A83CC13884): 3
LogDevObjectVersion:   Dev-LoadTimes (C2A15278-BFE7-4AFE-6C17-90FF531DF755): 1
LogDevObjectVersion:   Private-Geometry (6EACA3D4-40EC-4CC1-B786-8BED09428FC5): 3
LogDevObjectVersion:   Dev-AnimPhys (29E575DD-E0A3-4627-9D10-D276232CDCEA): 17
LogDevObjectVersion:   Dev-Anim (AF43A65D-7FD3-4947-9873-3E8ED9C1BB05): 7
LogDevObjectVersion:   Dev-ReflectionCapture (6B266CEC-1EC7-4B8F-A30B-E4D90942FC07): 1
LogDevObjectVersion:   Dev-Automation (0DF73D61-A23F-47EA-B727-89E90C41499A): 1
LogDevObjectVersion:   FortniteMain (601D1886-AC64-4F84-AA16-D3DE0DEAC7D6): 31
LogDevObjectVersion:   Dev-Enterprise (9DFFBCD6-494F-0158-E221-12823C92A888): 10
LogDevObjectVersion:   Dev-Niagara (F2AED0AC-9AFE-416F-8664-AA7FFA26D6FC): 1
LogDevObjectVersion:   Dev-Destruction (174F1F0B-B4C6-45A5-B13F-2EE8D0FB917D): 10
LogDevObjectVersion:   Dev-Physics-Ext (35F94A83-E258-406C-A318-09F59610247C): 37
LogDevObjectVersion:   Dev-PhysicsMaterial-Chaos (B68FC16E-8B1B-42E2-B453-215C058844FE): 1
LogDevObjectVersion:   Dev-CineCamera (B2E18506-4273-CFC2-A54E-F4BB758BBA07): 1
LogInit: Presizing for max 25165824 objects, including 0 objects not considered by GC, pre-allocating 0 bytes for permanent pool.
LogConfig: Applying CVar settings from Section [/Script/Engine.StreamingSettings] File [D:/Uni Shirt/UnrealWalkingSim/TillDeathDoUsPart/Saved/Config/Windows/Engine.ini]
LogConfig: Setting CVar [[s.MinBulkDataSizeForAsyncLoading:131072]]
LogConfig: Setting CVar [[s.AsyncLoadingThreadEnabled:0]]
LogConfig: Setting CVar [[s.EventDrivenLoaderEnabled:1]]
LogConfig: Setting CVar [[s.WarnIfTimeLimitExceeded:0]]
LogConfig: Setting CVar [[s.TimeLimitExceededMultiplier:1.5]]
LogConfig: Setting CVar [[s.TimeLimitExceededMinTime:0.005]]
LogConfig: Setting CVar [[s.UseBackgroundLevelStreaming:1]]
LogConfig: Setting CVar [[s.PriorityAsyncLoadingExtraTime:15.0]]
LogConfig: Setting CVar [[s.LevelStreamingActorsUpdateTimeLimit:5.0]]
LogConfig: Setting CVar [[s.PriorityLevelStreamingActorsUpdateExtraTime:5.0]]
LogConfig: Setting CVar [[s.LevelStreamingComponentsRegistrationGranularity:10]]
LogConfig: Setting CVar [[s.UnregisterComponentsTimeLimit:1.0]]
LogConfig: Setting CVar [[s.LevelStreamingComponentsUnregistrationGranularity:5]]
LogConfig: Setting CVar [[s.FlushStreamingOnExit:1]]
LogInit: Object subsystem initialized
LogConfig: Setting CVar [[con.DebugEarlyDefault:1]]
LogConfig: Setting CVar [[r.setres:1280x720]]
[2021.02.08-01.23.19:283][  0]LogConfig: Setting CVar [[r.VSync:0]]
[2021.02.08-01.23.19:283][  0]LogConfig: Setting CVar [[r.RHICmdBypass:0]]
[2021.02.08-01.23.19:283][  0]LogConfig: Applying CVar settings from Section [/Script/Engine.RendererSettings] File [D:/Uni Shirt/UnrealWalkingSim/TillDeathDoUsPart/Saved/Config/Windows/Engine.ini]
[2021.02.08-01.23.19:283][  0]LogConfig: Setting CVar [[r.GPUCrashDebugging:0]]
[2021.02.08-01.23.19:283][  0]LogConfig: Applying CVar settings from Section [/Script/Engine.RendererOverrideSettings] File [D:/Uni Shirt/UnrealWalkingSim/TillDeathDoUsPart/Saved/Config/Windows/Engine.ini]
[2021.02.08-01.23.19:283][  0]LogConfig: Applying CVar settings from Section [/Script/Engine.StreamingSettings] File [D:/Uni Shirt/UnrealWalkingSim/TillDeathDoUsPart/Saved/Config/Windows/Engine.ini]
[2021.02.08-01.23.19:283][  0]LogConfig: Setting CVar [[s.MinBulkDataSizeForAsyncLoading:131072]]
[2021.02.08-01.23.19:283][  0]LogConfig: Setting CVar [[s.AsyncLoadingThreadEnabled:0]]
[2021.02.08-01.23.19:283][  0]LogConfig: Setting CVar [[s.EventDrivenLoaderEnabled:1]]
[2021.02.08-01.23.19:283][  0]LogConfig: Setting CVar [[s.WarnIfTimeLimitExceeded:0]]
[2021.02.08-01.23.19:283][  0]LogConfig: Setting CVar [[s.TimeLimitExceededMultiplier:1.5]]
[2021.02.08-01.23.19:283][  0]LogConfig: Setting CVar [[s.TimeLimitExceededMinTime:0.005]]
[2021.02.08-01.23.19:283][  0]LogConfig: Setting CVar [[s.UseBackgroundLevelStreaming:1]]
[2021.02.08-01.23.19:283][  0]LogConfig: Setting CVar [[s.PriorityAsyncLoadingExtraTime:15.0]]
[2021.02.08-01.23.19:283][  0]LogConfig: Setting CVar [[s.LevelStreamingActorsUpdateTimeLimit:5.0]]
[2021.02.08-01.23.19:283][  0]LogConfig: Setting CVar [[s.PriorityLevelStreamingActorsUpdateExtraTime:5.0]]
[2021.02.08-01.23.19:283][  0]LogConfig: Setting CVar [[s.LevelStreamingComponentsRegistrationGranularity:10]]
[2021.02.08-01.23.19:283][  0]LogConfig: Setting CVar [[s.UnregisterComponentsTimeLimit:1.0]]
[2021.02.08-01.23.19:283][  0]LogConfig: Setting CVar [[s.LevelStreamingComponentsUnregistrationGranularity:5]]
[2021.02.08-01.23.19:283][  0]LogConfig: Setting CVar [[s.FlushStreamingOnExit:1]]
[2021.02.08-01.23.19:283][  0]LogConfig: Applying CVar settings from Section [/Script/Engine.GarbageCollectionSettings] File [D:/Uni Shirt/UnrealWalkingSim/TillDeathDoUsPart/Saved/Config/Windows/Engine.ini]
[2021.02.08-01.23.19:283][  0]LogConfig: Setting CVar [[gc.MaxObjectsNotConsideredByGC:1]]
[2021.02.08-01.23.19:283][  0]LogConfig: Setting CVar [[gc.SizeOfPermanentObjectPool:0]]
[2021.02.08-01.23.19:283][  0]LogConfig: Setting CVar [[gc.FlushStreamingOnGC:0]]
[2021.02.08-01.23.19:283][  0]LogConfig: Setting CVar [[gc.NumRetriesBeforeForcingGC:10]]
[2021.02.08-01.23.19:283][  0]LogConfig: Setting CVar [[gc.AllowParallelGC:1]]
[2021.02.08-01.23.19:283][  0]LogConfig: Setting CVar [[gc.TimeBetweenPurgingPendingKillObjects:61.1]]
[2021.02.08-01.23.19:283][  0]LogConfig: Setting CVar [[gc.MaxObjectsInEditor:25165824]]
[2021.02.08-01.23.19:283][  0]LogConfig: Setting CVar [[gc.IncrementalBeginDestroyEnabled:1]]
[2021.02.08-01.23.19:283][  0]LogConfig: Setting CVar [[gc.CreateGCClusters:1]]
[2021.02.08-01.23.19:283][  0]LogConfig: Setting CVar [[gc.MinGCClusterSize:5]]
[2021.02.08-01.23.19:283][  0]LogConfig: Setting CVar [[gc.ActorClusteringEnabled:0]]
[2021.02.08-01.23.19:283][  0]LogConfig: Setting CVar [[gc.BlueprintClusteringEnabled:0]]
[2021.02.08-01.23.19:283][  0]LogConfig: Setting CVar [[gc.UseDisregardForGCOnDedicatedServers:0]]
[2021.02.08-01.23.19:283][  0]LogConfig: Applying CVar settings from Section [/Script/Engine.NetworkSettings] File [D:/Uni Shirt/UnrealWalkingSim/TillDeathDoUsPart/Saved/Config/Windows/Engine.ini]
[2021.02.08-01.23.19:284][  0]LogConfig: Applying CVar settings from Section [/Script/UnrealEd.CookerSettings] File [D:/Uni Shirt/UnrealWalkingSim/TillDeathDoUsPart/Saved/Config/Windows/Engine.ini]
[2021.02.08-01.23.19:286][  0]LogConfig: Applying CVar settings from Section [ViewDistanceQuality@3] File [D:/Uni Shirt/UnrealWalkingSim/TillDeathDoUsPart/Saved/Config/Windows/Scalability.ini]
[2021.02.08-01.23.19:286][  0]LogConfig: Setting CVar [[r.SkeletalMeshLODBias:0]]
[2021.02.08-01.23.19:286][  0]LogConfig: Setting CVar [[r.ViewDistanceScale:1.0]]
[2021.02.08-01.23.19:286][  0]LogConfig: Applying CVar settings from Section [AntiAliasingQuality@3] File [D:/Uni Shirt/UnrealWalkingSim/TillDeathDoUsPart/Saved/Config/Windows/Scalability.ini]
[2021.02.08-01.23.19:286][  0]LogConfig: Setting CVar [[r.PostProcessAAQuality:4]]
[2021.02.08-01.23.19:286][  0]LogConfig: Applying CVar settings from Section [ShadowQuality@3] File [D:/Uni Shirt/UnrealWalkingSim/TillDeathDoUsPart/Saved/Config/Windows/Scalability.ini]
[2021.02.08-01.23.19:286][  0]LogConfig: Setting CVar [[r.LightFunctionQuality:1]]
[2021.02.08-01.23.19:286][  0]LogConfig: Setting CVar [[r.ShadowQuality:5]]
[2021.02.08-01.23.19:286][  0]LogConfig: Setting CVar [[r.Shadow.CSM.MaxCascades:10]]
[2021.02.08-01.23.19:286][  0]LogConfig: Setting CVar [[r.Shadow.MaxResolution:2048]]
[2021.02.08-01.23.19:286][  0]LogConfig: Setting CVar [[r.Shadow.MaxCSMResolution:2048]]
[2021.02.08-01.23.19:286][  0]LogConfig: Setting CVar [[r.Shadow.RadiusThreshold:0.01]]
[2021.02.08-01.23.19:286][  0]LogConfig: Setting CVar [[r.Shadow.DistanceScale:1.0]]
[2021.02.08-01.23.19:286][  0]LogConfig: Setting CVar [[r.Shadow.CSM.TransitionScale:1.0]]
[2021.02.08-01.23.19:286][  0]LogConfig: Setting CVar [[r.Shadow.PreShadowResolutionFactor:1.0]]
[2021.02.08-01.23.19:286][  0]LogConfig: Setting CVar [[r.DistanceFieldShadowing:1]]
[2021.02.08-01.23.19:286][  0]LogConfig: Setting CVar [[r.DistanceFieldAO:1]]
[2021.02.08-01.23.19:286][  0]LogConfig: Setting CVar [[r.AOQuality:2]]
[2021.02.08-01.23.19:286][  0]LogConfig: Setting CVar [[r.VolumetricFog:1]]
[2021.02.08-01.23.19:286][  0]LogConfig: Setting CVar [[r.VolumetricFog.GridPixelSize:8]]
[2021.02.08-01.23.19:286][  0]LogConfig: Setting CVar [[r.VolumetricFog.GridSizeZ:128]]
[2021.02.08-01.23.19:286][  0]LogConfig: Setting CVar [[r.VolumetricFog.HistoryMissSupersampleCount:4]]
[2021.02.08-01.23.19:286][  0]LogConfig: Setting CVar [[r.LightMaxDrawDistanceScale:1]]
[2021.02.08-01.23.19:286][  0]LogConfig: Setting CVar [[r.CapsuleShadows:1]]
[2021.02.08-01.23.19:286][  0]LogConfig: Applying CVar settings from Section [PostProcessQuality@3] File [D:/Uni Shirt/UnrealWalkingSim/TillDeathDoUsPart/Saved/Config/Windows/Scalability.ini]
[2021.02.08-01.23.19:286][  0]LogConfig: Setting CVar [[r.MotionBlurQuality:4]]
[2021.02.08-01.23.19:286][  0]LogConfig: Setting CVar [[r.AmbientOcclusionMipLevelFactor:0.4]]
[2021.02.08-01.23.19:286][  0]LogConfig: Setting CVar [[r.AmbientOcclusionMaxQuality:100]]
[2021.02.08-01.23.19:286][  0]LogConfig: Setting CVar [[r.AmbientOcclusionLevels:-1]]
[2021.02.08-01.23.19:286][  0]LogConfig: Setting CVar [[r.AmbientOcclusionRadiusScale:1.0]]
[2021.02.08-01.23.19:286][  0]LogConfig: Setting CVar [[r.DepthOfFieldQuality:2]]
[2021.02.08-01.23.19:286][  0]LogConfig: Setting CVar [[r.RenderTargetPoolMin:400]]
[2021.02.08-01.23.19:286][  0]LogConfig: Setting CVar [[r.LensFlareQuality:2]]
[2021.02.08-01.23.19:286][  0]LogConfig: Setting CVar [[r.SceneColorFringeQuality:1]]
[2021.02.08-01.23.19:286][  0]LogConfig: Setting CVar [[r.EyeAdaptationQuality:2]]
[2021.02.08-01.23.19:286][  0]LogConfig: Setting CVar [[r.BloomQuality:5]]
[2021.02.08-01.23.19:287][  0]LogConfig: Setting CVar [[r.FastBlurThreshold:100]]
[2021.02.08-01.23.19:287][  0]LogConfig: Setting CVar [[r.Upscale.Quality:3]]
[2021.02.08-01.23.19:287][  0]LogConfig: Setting CVar [[r.Tonemapper.GrainQuantization:1]]
[2021.02.08-01.23.19:287][  0]LogConfig: Setting CVar [[r.LightShaftQuality:1]]
[2021.02.08-01.23.19:287][  0]LogConfig: Setting CVar [[r.Filter.SizeScale:1]]
[2021.02.08-01.23.19:287][  0]LogConfig: Setting CVar [[r.Tonemapper.Quality:5]]
[2021.02.08-01.23.19:287][  0]LogConfig: Setting CVar [[r.DOF.Gather.AccumulatorQuality:1        ; higher gathering accumulator quality]]
[2021.02.08-01.23.19:287][  0]LogConfig: Setting CVar [[r.DOF.Gather.PostfilterMethod:1          ; Median3x3 postfilering method]]
[2021.02.08-01.23.19:287][  0]LogConfig: Setting CVar [[r.DOF.Gather.EnableBokehSettings:0       ; no bokeh simulation when gathering]]
[2021.02.08-01.23.19:287][  0]LogConfig: Setting CVar [[r.DOF.Gather.RingCount:4                 ; medium number of samples when gathering]]
[2021.02.08-01.23.19:287][  0]LogConfig: Setting CVar [[r.DOF.Scatter.ForegroundCompositing:1    ; additive foreground scattering]]
[2021.02.08-01.23.19:287][  0]LogConfig: Setting CVar [[r.DOF.Scatter.BackgroundCompositing:2    ; additive background scattering]]
[2021.02.08-01.23.19:287][  0]LogConfig: Setting CVar [[r.DOF.Scatter.EnableBokehSettings:1      ; bokeh simulation when scattering]]
[2021.02.08-01.23.19:287][  0]LogConfig: Setting CVar [[r.DOF.Scatter.MaxSpriteRatio:0.1         ; only a maximum of 10% of scattered bokeh]]
[2021.02.08-01.23.19:287][  0]LogConfig: Setting CVar [[r.DOF.Recombine.Quality:1                ; cheap slight out of focus]]
[2021.02.08-01.23.19:287][  0]LogConfig: Setting CVar [[r.DOF.Recombine.EnableBokehSettings:0    ; no bokeh simulation on slight out of focus]]
[2021.02.08-01.23.19:287][  0]LogConfig: Setting CVar [[r.DOF.TemporalAAQuality:1                ; more stable temporal accumulation]]
[2021.02.08-01.23.19:287][  0]LogConfig: Setting CVar [[r.DOF.Kernel.MaxForegroundRadius:0.025]]
[2021.02.08-01.23.19:287][  0]LogConfig: Setting CVar [[r.DOF.Kernel.MaxBackgroundRadius:0.025]]
[2021.02.08-01.23.19:287][  0]LogConfig: Applying CVar settings from Section [TextureQuality@3] File [D:/Uni Shirt/UnrealWalkingSim/TillDeathDoUsPart/Saved/Config/Windows/Scalability.ini]
[2021.02.08-01.23.19:287][  0]LogConfig: Setting CVar [[r.Streaming.MipBias:0]]
[2021.02.08-01.23.19:287][  0]LogConfig: Setting CVar [[r.Streaming.AmortizeCPUToGPUCopy:0]]
[2021.02.08-01.23.19:287][  0]LogConfig: Setting CVar [[r.Streaming.MaxNumTexturesToStreamPerFrame:0]]
[2021.02.08-01.23.19:287][  0]LogConfig: Setting CVar [[r.Streaming.Boost:1]]
[2021.02.08-01.23.19:287][  0]LogConfig: Setting CVar [[r.MaxAnisotropy:8]]
[2021.02.08-01.23.19:287][  0]LogConfig: Setting CVar [[r.VT.MaxAnisotropy:8]]
[2021.02.08-01.23.19:287][  0]LogConfig: Setting CVar [[r.Streaming.LimitPoolSizeToVRAM:0]]
[2021.02.08-01.23.19:287][  0]LogConfig: Setting CVar [[r.Streaming.PoolSize:1000]]
[2021.02.08-01.23.19:287][  0]LogConfig: Setting CVar [[r.Streaming.MaxEffectiveScreenSize:0]]
[2021.02.08-01.23.19:287][  0]LogConfig: Applying CVar settings from Section [EffectsQuality@3] File [D:/Uni Shirt/UnrealWalkingSim/TillDeathDoUsPart/Saved/Config/Windows/Scalability.ini]
[2021.02.08-01.23.19:287][  0]LogConfig: Setting CVar [[r.TranslucencyLightingVolumeDim:64]]
[2021.02.08-01.23.19:287][  0]LogConfig: Setting CVar [[r.RefractionQuality:2]]
[2021.02.08-01.23.19:287][  0]LogConfig: Setting CVar [[r.SSR.Quality:3]]
[2021.02.08-01.23.19:287][  0]LogConfig: Setting CVar [[r.SSR.HalfResSceneColor:0]]
[2021.02.08-01.23.19:287][  0]LogConfig: Setting CVar [[r.SceneColorFormat:4]]
[2021.02.08-01.23.19:287][  0]LogConfig: Setting CVar [[r.DetailMode:2]]
[2021.02.08-01.23.19:287][  0]LogConfig: Setting CVar [[r.TranslucencyVolumeBlur:1]]
[2021.02.08-01.23.19:287][  0]LogConfig: Setting CVar [[r.MaterialQualityLevel:1 ; High quality]]
[2021.02.08-01.23.19:287][  0]LogConfig: Setting CVar [[r.SSS.Scale:1]]
[2021.02.08-01.23.19:287][  0]LogConfig: Setting CVar [[r.SSS.SampleSet:2]]
[2021.02.08-01.23.19:287][  0]LogConfig: Setting CVar [[r.SSS.Quality:1]]
[2021.02.08-01.23.19:287][  0]LogConfig: Setting CVar [[r.SSS.HalfRes:0]]
[2021.02.08-01.23.19:287][  0]LogConfig: Setting CVar [[r.SSGI.Quality:3]]
[2021.02.08-01.23.19:287][  0]LogConfig: Setting CVar [[r.EmitterSpawnRateScale:1.0]]
[2021.02.08-01.23.19:287][  0]LogConfig: Setting CVar [[r.ParticleLightQuality:2]]
[2021.02.08-01.23.19:287][  0]LogConfig: Setting CVar [[r.SkyAtmosphere.AerialPerspectiveLUT.FastApplyOnOpaque:1 ; Always have FastSkyLUT 1 in this case to avoid wrong sky]]
[2021.02.08-01.23.19:287][  0]LogConfig: Setting CVar [[r.SkyAtmosphere.AerialPerspectiveLUT.SampleCountPerSlice:1]]
[2021.02.08-01.23.19:287][  0]LogConfig: Setting CVar [[r.SkyAtmosphere.AerialPerspectiveLUT.DepthResolution:16.0]]
[2021.02.08-01.23.19:287][  0]LogConfig: Setting CVar [[r.SkyAtmosphere.FastSkyLUT:1]]
[2021.02.08-01.23.19:287][  0]LogConfig: Setting CVar [[r.SkyAtmosphere.FastSkyLUT.SampleCountMin:4.0]]
[2021.02.08-01.23.19:287][  0]LogConfig: Setting CVar [[r.SkyAtmosphere.FastSkyLUT.SampleCountMax:32.0]]
[2021.02.08-01.23.19:287][  0]LogConfig: Setting CVar [[r.SkyAtmosphere.SampleCountMin:4.0]]
[2021.02.08-01.23.19:287][  0]LogConfig: Setting CVar [[r.SkyAtmosphere.SampleCountMax:32.0]]
[2021.02.08-01.23.19:287][  0]LogConfig: Setting CVar [[r.SkyAtmosphere.TransmittanceLUT.UseSmallFormat:0]]
[2021.02.08-01.23.19:287][  0]LogConfig: Setting CVar [[r.SkyAtmosphere.TransmittanceLUT.SampleCount:10.0]]
[2021.02.08-01.23.19:287][  0]LogConfig: Setting CVar [[r.SkyAtmosphere.MultiScatteringLUT.SampleCount:15.0]]
[2021.02.08-01.23.19:287][  0]LogConfig: Applying CVar settings from Section [FoliageQuality@3] File [D:/Uni Shirt/UnrealWalkingSim/TillDeathDoUsPart/Saved/Config/Windows/Scalability.ini]
[2021.02.08-01.23.19:287][  0]LogConfig: Setting CVar [[foliage.DensityScale:1.0]]
[2021.02.08-01.23.19:287][  0]LogConfig: Setting CVar [[grass.DensityScale:1.0]]
[2021.02.08-01.23.19:287][  0]LogConfig: Applying CVar settings from Section [ShadingQuality@3] File [D:/Uni Shirt/UnrealWalkingSim/TillDeathDoUsPart/Saved/Config/Windows/Scalability.ini]
[2021.02.08-01.23.19:287][  0]LogConfig: Setting CVar [[r.HairStrands.SkyLighting.SampleCount:16]]
[2021.02.08-01.23.19:288][  0]LogConfig: Setting CVar [[r.HairStrands.SkyLighting.JitterIntegration:0]]
[2021.02.08-01.23.19:288][  0]LogConfig: Setting CVar [[r.HairStrands.SkyAO.SampleCount:16]]
[2021.02.08-01.23.19:288][  0]LogConfig: Setting CVar [[r.HairStrands.DeepShadow.SuperSampling:0]]
[2021.02.08-01.23.19:288][  0]LogConfig: Setting CVar [[r.HairStrands.VisibilityPPLL:0]]
[2021.02.08-01.23.19:288][  0]LogConfig: Setting CVar [[r.HairStrands.RasterizationScale:0.5]]
[2021.02.08-01.23.19:288][  0]LogConfig: Setting CVar [[r.HairStrands.VelocityRasterizationScale:1]]
[2021.02.08-01.23.19:288][  0]LogInit: Selected Device Profile: [Windows]
[2021.02.08-01.23.19:288][  0]LogInit: Applying CVar settings loaded from the selected device profile: [Windows]
[2021.02.08-01.23.19:288][  0]LogHAL: Display: Platform has ~ 16 GB [17125937152 / 17179869184 / 16], which maps to Larger [LargestMinGB=32, LargerMinGB=12, DefaultMinGB=8, SmallerMinGB=6, SmallestMinGB=0)
[2021.02.08-01.23.19:288][  0]LogInit: Going up to parent DeviceProfile []
[2021.02.08-01.23.19:288][  0]LogConfig: Applying CVar settings from Section [ViewDistanceQuality@3] File [D:/Uni Shirt/UnrealWalkingSim/TillDeathDoUsPart/Saved/Config/Windows/Scalability.ini]
[2021.02.08-01.23.19:288][  0]LogConfig: Setting CVar [[r.SkeletalMeshLODBias:0]]
[2021.02.08-01.23.19:288][  0]LogConfig: Setting CVar [[r.ViewDistanceScale:1.0]]
[2021.02.08-01.23.19:288][  0]LogConfig: Applying CVar settings from Section [AntiAliasingQuality@3] File [D:/Uni Shirt/UnrealWalkingSim/TillDeathDoUsPart/Saved/Config/Windows/Scalability.ini]
[2021.02.08-01.23.19:288][  0]LogConfig: Setting CVar [[r.PostProcessAAQuality:4]]
[2021.02.08-01.23.19:288][  0]LogConfig: Applying CVar settings from Section [ShadowQuality@3] File [D:/Uni Shirt/UnrealWalkingSim/TillDeathDoUsPart/Saved/Config/Windows/Scalability.ini]
[2021.02.08-01.23.19:288][  0]LogConfig: Setting CVar [[r.LightFunctionQuality:1]]
[2021.02.08-01.23.19:288][  0]LogConfig: Setting CVar [[r.ShadowQuality:5]]
[2021.02.08-01.23.19:288][  0]LogConfig: Setting CVar [[r.Shadow.CSM.MaxCascades:10]]
[2021.02.08-01.23.19:288][  0]LogConfig: Setting CVar [[r.Shadow.MaxResolution:2048]]
[2021.02.08-01.23.19:288][  0]LogConfig: Setting CVar [[r.Shadow.MaxCSMResolution:2048]]
[2021.02.08-01.23.19:288][  0]LogConfig: Setting CVar [[r.Shadow.RadiusThreshold:0.01]]
[2021.02.08-01.23.19:288][  0]LogConfig: Setting CVar [[r.Shadow.DistanceScale:1.0]]
[2021.02.08-01.23.19:288][  0]LogConfig: Setting CVar [[r.Shadow.CSM.TransitionScale:1.0]]
[2021.02.08-01.23.19:288][  0]LogConfig: Setting CVar [[r.Shadow.PreShadowResolutionFactor:1.0]]
[2021.02.08-01.23.19:288][  0]LogConfig: Setting CVar [[r.DistanceFieldShadowing:1]]
[2021.02.08-01.23.19:288][  0]LogConfig: Setting CVar [[r.DistanceFieldAO:1]]
[2021.02.08-01.23.19:288][  0]LogConfig: Setting CVar [[r.AOQuality:2]]
[2021.02.08-01.23.19:288][  0]LogConfig: Setting CVar [[r.VolumetricFog:1]]
[2021.02.08-01.23.19:288][  0]LogConfig: Setting CVar [[r.VolumetricFog.GridPixelSize:8]]
[2021.02.08-01.23.19:288][  0]LogConfig: Setting CVar [[r.VolumetricFog.GridSizeZ:128]]
[2021.02.08-01.23.19:288][  0]LogConfig: Setting CVar [[r.VolumetricFog.HistoryMissSupersampleCount:4]]
[2021.02.08-01.23.19:288][  0]LogConfig: Setting CVar [[r.LightMaxDrawDistanceScale:1]]
[2021.02.08-01.23.19:288][  0]LogConfig: Setting CVar [[r.CapsuleShadows:1]]
[2021.02.08-01.23.19:288][  0]LogConfig: Applying CVar settings from Section [PostProcessQuality@3] File [D:/Uni Shirt/UnrealWalkingSim/TillDeathDoUsPart/Saved/Config/Windows/Scalability.ini]
[2021.02.08-01.23.19:288][  0]LogConfig: Setting CVar [[r.MotionBlurQuality:4]]
[2021.02.08-01.23.19:288][  0]LogConfig: Setting CVar [[r.AmbientOcclusionMipLevelFactor:0.4]]
[2021.02.08-01.23.19:288][  0]LogConfig: Setting CVar [[r.AmbientOcclusionMaxQuality:100]]
[2021.02.08-01.23.19:288][  0]LogConfig: Setting CVar [[r.AmbientOcclusionLevels:-1]]
[2021.02.08-01.23.19:288][  0]LogConfig: Setting CVar [[r.AmbientOcclusionRadiusScale:1.0]]
[2021.02.08-01.23.19:288][  0]LogConfig: Setting CVar [[r.DepthOfFieldQuality:2]]
[2021.02.08-01.23.19:288][  0]LogConfig: Setting CVar [[r.RenderTargetPoolMin:400]]
[2021.02.08-01.23.19:288][  0]LogConfig: Setting CVar [[r.LensFlareQuality:2]]
[2021.02.08-01.23.19:288][  0]LogConfig: Setting CVar [[r.SceneColorFringeQuality:1]]
[2021.02.08-01.23.19:288][  0]LogConfig: Setting CVar [[r.EyeAdaptationQuality:2]]
[2021.02.08-01.23.19:288][  0]LogConfig: Setting CVar [[r.BloomQuality:5]]
[2021.02.08-01.23.19:288][  0]LogConfig: Setting CVar [[r.FastBlurThreshold:100]]
[2021.02.08-01.23.19:288][  0]LogConfig: Setting CVar [[r.Upscale.Quality:3]]
[2021.02.08-01.23.19:288][  0]LogConfig: Setting CVar [[r.Tonemapper.GrainQuantization:1]]
[2021.02.08-01.23.19:288][  0]LogConfig: Setting CVar [[r.LightShaftQuality:1]]
[2021.02.08-01.23.19:288][  0]LogConfig: Setting CVar [[r.Filter.SizeScale:1]]
[2021.02.08-01.23.19:288][  0]LogConfig: Setting CVar [[r.Tonemapper.Quality:5]]
[2021.02.08-01.23.19:288][  0]LogConfig: Setting CVar [[r.DOF.Gather.AccumulatorQuality:1        ; higher gathering accumulator quality]]
[2021.02.08-01.23.19:288][  0]LogConfig: Setting CVar [[r.DOF.Gather.PostfilterMethod:1          ; Median3x3 postfilering method]]
[2021.02.08-01.23.19:288][  0]LogConfig: Setting CVar [[r.DOF.Gather.EnableBokehSettings:0       ; no bokeh simulation when gathering]]
[2021.02.08-01.23.19:288][  0]LogConfig: Setting CVar [[r.DOF.Gather.RingCount:4                 ; medium number of samples when gathering]]
[2021.02.08-01.23.19:288][  0]LogConfig: Setting CVar [[r.DOF.Scatter.ForegroundCompositing:1    ; additive foreground scattering]]
[2021.02.08-01.23.19:288][  0]LogConfig: Setting CVar [[r.DOF.Scatter.BackgroundCompositing:2    ; additive background scattering]]
[2021.02.08-01.23.19:289][  0]LogConfig: Setting CVar [[r.DOF.Scatter.EnableBokehSettings:1      ; bokeh simulation when scattering]]
[2021.02.08-01.23.19:289][  0]LogConfig: Setting CVar [[r.DOF.Scatter.MaxSpriteRatio:0.1         ; only a maximum of 10% of scattered bokeh]]
[2021.02.08-01.23.19:289][  0]LogConfig: Setting CVar [[r.DOF.Recombine.Quality:1                ; cheap slight out of focus]]
[2021.02.08-01.23.19:289][  0]LogConfig: Setting CVar [[r.DOF.Recombine.EnableBokehSettings:0    ; no bokeh simulation on slight out of focus]]
[2021.02.08-01.23.19:289][  0]LogConfig: Setting CVar [[r.DOF.TemporalAAQuality:1                ; more stable temporal accumulation]]
[2021.02.08-01.23.19:289][  0]LogConfig: Setting CVar [[r.DOF.Kernel.MaxForegroundRadius:0.025]]
[2021.02.08-01.23.19:289][  0]LogConfig: Setting CVar [[r.DOF.Kernel.MaxBackgroundRadius:0.025]]
[2021.02.08-01.23.19:289][  0]LogConfig: Applying CVar settings from Section [TextureQuality@3] File [D:/Uni Shirt/UnrealWalkingSim/TillDeathDoUsPart/Saved/Config/Windows/Scalability.ini]
[2021.02.08-01.23.19:289][  0]LogConfig: Setting CVar [[r.Streaming.MipBias:0]]
[2021.02.08-01.23.19:289][  0]LogConfig: Setting CVar [[r.Streaming.AmortizeCPUToGPUCopy:0]]
[2021.02.08-01.23.19:289][  0]LogConfig: Setting CVar [[r.Streaming.MaxNumTexturesToStreamPerFrame:0]]
[2021.02.08-01.23.19:289][  0]LogConfig: Setting CVar [[r.Streaming.Boost:1]]
[2021.02.08-01.23.19:289][  0]LogConfig: Setting CVar [[r.MaxAnisotropy:8]]
[2021.02.08-01.23.19:289][  0]LogConfig: Setting CVar [[r.VT.MaxAnisotropy:8]]
[2021.02.08-01.23.19:289][  0]LogConfig: Setting CVar [[r.Streaming.LimitPoolSizeToVRAM:0]]
[2021.02.08-01.23.19:289][  0]LogConfig: Setting CVar [[r.Streaming.PoolSize:1000]]
[2021.02.08-01.23.19:289][  0]LogConfig: Setting CVar [[r.Streaming.MaxEffectiveScreenSize:0]]
[2021.02.08-01.23.19:289][  0]LogConfig: Applying CVar settings from Section [EffectsQuality@3] File [D:/Uni Shirt/UnrealWalkingSim/TillDeathDoUsPart/Saved/Config/Windows/Scalability.ini]
[2021.02.08-01.23.19:289][  0]LogConfig: Setting CVar [[r.TranslucencyLightingVolumeDim:64]]
[2021.02.08-01.23.19:289][  0]LogConfig: Setting CVar [[r.RefractionQuality:2]]
[2021.02.08-01.23.19:289][  0]LogConfig: Setting CVar [[r.SSR.Quality:3]]
[2021.02.08-01.23.19:289][  0]LogConfig: Setting CVar [[r.SSR.HalfResSceneColor:0]]
[2021.02.08-01.23.19:289][  0]LogConfig: Setting CVar [[r.SceneColorFormat:4]]
[2021.02.08-01.23.19:289][  0]LogConfig: Setting CVar [[r.DetailMode:2]]
[2021.02.08-01.23.19:289][  0]LogConfig: Setting CVar [[r.TranslucencyVolumeBlur:1]]
[2021.02.08-01.23.19:289][  0]LogConfig: Setting CVar [[r.MaterialQualityLevel:1 ; High quality]]
[2021.02.08-01.23.19:289][  0]LogConfig: Setting CVar [[r.SSS.Scale:1]]
[2021.02.08-01.23.19:289][  0]LogConfig: Setting CVar [[r.SSS.SampleSet:2]]
[2021.02.08-01.23.19:289][  0]LogConfig: Setting CVar [[r.SSS.Quality:1]]
[2021.02.08-01.23.19:289][  0]LogConfig: Setting CVar [[r.SSS.HalfRes:0]]
[2021.02.08-01.23.19:289][  0]LogConfig: Setting CVar [[r.SSGI.Quality:3]]
[2021.02.08-01.23.19:289][  0]LogConfig: Setting CVar [[r.EmitterSpawnRateScale:1.0]]
[2021.02.08-01.23.19:289][  0]LogConfig: Setting CVar [[r.ParticleLightQuality:2]]
[2021.02.08-01.23.19:289][  0]LogConfig: Setting CVar [[r.SkyAtmosphere.AerialPerspectiveLUT.FastApplyOnOpaque:1 ; Always have FastSkyLUT 1 in this case to avoid wrong sky]]
[2021.02.08-01.23.19:289][  0]LogConfig: Setting CVar [[r.SkyAtmosphere.AerialPerspectiveLUT.SampleCountPerSlice:1]]
[2021.02.08-01.23.19:289][  0]LogConfig: Setting CVar [[r.SkyAtmosphere.AerialPerspectiveLUT.DepthResolution:16.0]]
[2021.02.08-01.23.19:289][  0]LogConfig: Setting CVar [[r.SkyAtmosphere.FastSkyLUT:1]]
[2021.02.08-01.23.19:289][  0]LogConfig: Setting CVar [[r.SkyAtmosphere.FastSkyLUT.SampleCountMin:4.0]]
[2021.02.08-01.23.19:289][  0]LogConfig: Setting CVar [[r.SkyAtmosphere.FastSkyLUT.SampleCountMax:32.0]]
[2021.02.08-01.23.19:289][  0]LogConfig: Setting CVar [[r.SkyAtmosphere.SampleCountMin:4.0]]
[2021.02.08-01.23.19:289][  0]LogConfig: Setting CVar [[r.SkyAtmosphere.SampleCountMax:32.0]]
[2021.02.08-01.23.19:289][  0]LogConfig: Setting CVar [[r.SkyAtmosphere.TransmittanceLUT.UseSmallFormat:0]]
[2021.02.08-01.23.19:289][  0]LogConfig: Setting CVar [[r.SkyAtmosphere.TransmittanceLUT.SampleCount:10.0]]
[2021.02.08-01.23.19:289][  0]LogConfig: Setting CVar [[r.SkyAtmosphere.MultiScatteringLUT.SampleCount:15.0]]
[2021.02.08-01.23.19:289][  0]LogConfig: Applying CVar settings from Section [FoliageQuality@3] File [D:/Uni Shirt/UnrealWalkingSim/TillDeathDoUsPart/Saved/Config/Windows/Scalability.ini]
[2021.02.08-01.23.19:289][  0]LogConfig: Setting CVar [[foliage.DensityScale:1.0]]
[2021.02.08-01.23.19:289][  0]LogConfig: Setting CVar [[grass.DensityScale:1.0]]
[2021.02.08-01.23.19:289][  0]LogConfig: Applying CVar settings from Section [ShadingQuality@3] File [D:/Uni Shirt/UnrealWalkingSim/TillDeathDoUsPart/Saved/Config/Windows/Scalability.ini]
[2021.02.08-01.23.19:289][  0]LogConfig: Setting CVar [[r.HairStrands.SkyLighting.SampleCount:16]]
[2021.02.08-01.23.19:289][  0]LogConfig: Setting CVar [[r.HairStrands.SkyLighting.JitterIntegration:0]]
[2021.02.08-01.23.19:289][  0]LogConfig: Setting CVar [[r.HairStrands.SkyAO.SampleCount:16]]
[2021.02.08-01.23.19:289][  0]LogConfig: Setting CVar [[r.HairStrands.DeepShadow.SuperSampling:0]]
[2021.02.08-01.23.19:289][  0]LogConfig: Setting CVar [[r.HairStrands.VisibilityPPLL:0]]
[2021.02.08-01.23.19:289][  0]LogConfig: Setting CVar [[r.HairStrands.RasterizationScale:0.5]]
[2021.02.08-01.23.19:289][  0]LogConfig: Setting CVar [[r.HairStrands.VelocityRasterizationScale:1]]
[2021.02.08-01.23.19:289][  0]LogConfig: Applying CVar settings from Section [Startup] File [../../../Engine/Config/ConsoleVariables.ini]
[2021.02.08-01.23.19:290][  0]LogConfig: Setting CVar [[net.UseAdaptiveNetUpdateFrequency:0]]
[2021.02.08-01.23.19:290][  0]LogConfig: Setting CVar [[p.chaos.AllowCreatePhysxBodies:1]]
[2021.02.08-01.23.19:290][  0]LogConfig: Setting CVar [[fx.SkipVectorVMBackendOptimizations:1]]
[2021.02.08-01.23.19:290][  0]LogConfig: Applying CVar settings from Section [ConsoleVariables] File [D:/Uni Shirt/UnrealWalkingSim/TillDeathDoUsPart/Saved/Config/Windows/Engine.ini]
[2021.02.08-01.23.19:290][  0]LogInit: Computer: DESKTOP-RHM9386
[2021.02.08-01.23.19:290][  0]LogInit: User: Cameron
[2021.02.08-01.23.19:290][  0]LogInit: CPU Page size=4096, Cores=6
[2021.02.08-01.23.19:290][  0]LogInit: High frequency timer resolution =10.000000 MHz
[2021.02.08-01.23.19:290][  0]LogMemory: Memory total: Physical=15.9GB (16GB approx)
[2021.02.08-01.23.19:290][  0]LogMemory: Platform Memory Stats for Windows
[2021.02.08-01.23.19:290][  0]LogMemory: Process Physical Memory: 123.98 MB used, 123.98 MB peak
[2021.02.08-01.23.19:290][  0]LogMemory: Process Virtual Memory: 115.11 MB used, 115.11 MB peak
[2021.02.08-01.23.19:290][  0]LogMemory: Physical Memory: 7111.20 MB used,  9221.36 MB free, 16332.57 MB total
[2021.02.08-01.23.19:290][  0]LogMemory: Virtual Memory: 5188.49 MB used,  134212536.00 MB free, 134217728.00 MB total
[2021.02.08-01.23.19:297][  0]LogWindows: WindowsPlatformFeatures enabled
[2021.02.08-01.23.19:688][  0]LogInit: Physics initialised using underlying interface: PhysX
[2021.02.08-01.23.19:719][  0]LogInit: Using OS detected language (en-GB).
[2021.02.08-01.23.19:719][  0]LogInit: Using OS detected locale (en-GB).
[2021.02.08-01.23.19:721][  0]LogTextLocalizationManager: No specific localization for 'en-GB' exists, so the 'en' localization will be used.
[2021.02.08-01.23.20:172][  0]LogInit: Setting process to per monitor DPI aware
[2021.02.08-01.23.20:341][  0]LogSlate: New Slate User Created.  User Index 0, Is Virtual User: 0
[2021.02.08-01.23.20:341][  0]LogSlate: Slate User Registered.  User Index 0, Is Virtual User: 0
[2021.02.08-01.23.21:060][  0]LogHMD: Failed to initialize OpenVR with code 126
[2021.02.08-01.23.21:060][  0]LogD3D11RHI: D3D11 min allowed feature level: 11_0
[2021.02.08-01.23.21:060][  0]LogD3D11RHI: D3D11 max allowed feature level: 11_0
[2021.02.08-01.23.21:060][  0]LogD3D11RHI: D3D11 adapters:
[2021.02.08-01.23.21:173][  0]LogD3D11RHI:    0. 'NVIDIA GeForce GTX 1650 SUPER' (Feature Level 11_0)
[2021.02.08-01.23.21:173][  0]LogD3D11RHI:       3955/0/8166 MB DedicatedVideo/DedicatedSystem/SharedSystem, Outputs:1, VendorId:0x10de
[2021.02.08-01.23.21:179][  0]LogD3D11RHI:    1. 'Microsoft Basic Render Driver' (Feature Level 11_0)
[2021.02.08-01.23.21:179][  0]LogD3D11RHI:       0/0/8166 MB DedicatedVideo/DedicatedSystem/SharedSystem, Outputs:0, VendorId:0x1414
[2021.02.08-01.23.21:179][  0]LogD3D11RHI: Chosen D3D11 Adapter: 0
[2021.02.08-01.23.21:186][  0]LogD3D11RHI: Creating new Direct3DDevice
[2021.02.08-01.23.21:187][  0]LogD3D11RHI:     GPU DeviceId: 0x2187 (for the marketing name, search the web for "GPU Device Id")
[2021.02.08-01.23.21:187][  0]LogWindows: EnumDisplayDevices:
[2021.02.08-01.23.21:187][  0]LogWindows:    0. 'NVIDIA GeForce GTX 1650 SUPER' (P:1 D:1)
[2021.02.08-01.23.21:187][  0]LogWindows:    1. 'NVIDIA GeForce GTX 1650 SUPER' (P:0 D:0)
[2021.02.08-01.23.21:187][  0]LogWindows:    2. 'NVIDIA GeForce GTX 1650 SUPER' (P:0 D:0)
[2021.02.08-01.23.21:187][  0]LogWindows:    3. 'NVIDIA GeForce GTX 1650 SUPER' (P:0 D:0)
[2021.02.08-01.23.21:188][  0]LogWindows: DebugString: FoundDriverCount:4 
[2021.02.08-01.23.21:188][  0]LogD3D11RHI:     Adapter Name: NVIDIA GeForce GTX 1650 SUPER
[2021.02.08-01.23.21:188][  0]LogD3D11RHI:   Driver Version: 461.40 (internal:27.21.14.6140, unified:461.40)
[2021.02.08-01.23.21:188][  0]LogD3D11RHI:      Driver Date: 1-22-2021
[2021.02.08-01.23.21:188][  0]LogRHI: Texture pool is 2768 MB (70% of 3955 MB)
[2021.02.08-01.23.21:314][  0]LogD3D11RHI: RHI has support for 64 bit atomics
[2021.02.08-01.23.21:314][  0]LogD3D11RHI: Async texture creation enabled
[2021.02.08-01.23.21:314][  0]LogD3D11RHI: Array index from any shader is supported
[2021.02.08-01.23.21:331][  0]LogD3D11RHI: GPU Timing Frequency: 1000.000000 (Debug: 2 1)
[2021.02.08-01.23.23:105][  0]LogTargetPlatformManager: Display: Loaded TargetPlatform 'AllDesktop'
[2021.02.08-01.23.23:177][  0]LogTargetPlatformManager: Display: Loaded TargetPlatform 'Android'
[2021.02.08-01.23.23:177][  0]LogTargetPlatformManager: Display: Loaded TargetPlatform 'Android_ASTC'
[2021.02.08-01.23.23:177][  0]LogTargetPlatformManager: Display: Loaded TargetPlatform 'Android_DXT'
[2021.02.08-01.23.23:177][  0]LogTargetPlatformManager: Display: Loaded TargetPlatform 'Android_ETC2'
[2021.02.08-01.23.23:177][  0]LogTargetPlatformManager: Display: Loaded TargetPlatform 'AndroidClient'
[2021.02.08-01.23.23:177][  0]LogTargetPlatformManager: Display: Loaded TargetPlatform 'Android_ASTCClient'
[2021.02.08-01.23.23:177][  0]LogTargetPlatformManager: Display: Loaded TargetPlatform 'Android_DXTClient'
[2021.02.08-01.23.23:177][  0]LogTargetPlatformManager: Display: Loaded TargetPlatform 'Android_ETC2Client'
[2021.02.08-01.23.23:177][  0]LogTargetPlatformManager: Display: Loaded TargetPlatform 'Android_Multi'
[2021.02.08-01.23.23:177][  0]LogTargetPlatformManager: Display: Loaded TargetPlatform 'Android_MultiClient'
[2021.02.08-01.23.23:955][  0]LogTargetPlatformManager: Display: Loaded TargetPlatform 'IOSClient'
[2021.02.08-01.23.23:955][  0]LogTargetPlatformManager: Display: Loaded TargetPlatform 'IOS'
[2021.02.08-01.23.24:016][  0]LogTargetPlatformManager: Display: Loaded TargetPlatform 'Linux'
[2021.02.08-01.23.24:351][  0]LogTargetPlatformManager: Display: Loaded TargetPlatform 'LinuxNoEditor'
[2021.02.08-01.23.24:548][  0]LogTargetPlatformManager: Display: Loaded TargetPlatform 'LinuxClient'
[2021.02.08-01.23.24:717][  0]LogTargetPlatformManager: Display: Loaded TargetPlatform 'LinuxServer'
[2021.02.08-01.23.24:786][  0]LogTargetPlatformManager: Display: Loaded TargetPlatform 'LinuxAArch64NoEditor'
[2021.02.08-01.23.24:823][  0]LogTargetPlatformManager: Display: Loaded TargetPlatform 'LinuxAArch64Client'
[2021.02.08-01.23.24:856][  0]LogTargetPlatformManager: Display: Loaded TargetPlatform 'LinuxAArch64Server'
[2021.02.08-01.23.24:902][  0]LogTargetPlatformManager: Display: Loaded TargetPlatform 'Lumin'
[2021.02.08-01.23.24:902][  0]LogTargetPlatformManager: Display: Loaded TargetPlatform 'LuminClient'
[2021.02.08-01.23.24:930][  0]LogTargetPlatformManager: Display: Loaded TargetPlatform 'TVOSClient'
[2021.02.08-01.23.24:930][  0]LogTargetPlatformManager: Display: Loaded TargetPlatform 'TVOS'
[2021.02.08-01.23.24:959][  0]LogTargetPlatformManager: Display: Loaded TargetPlatform 'WindowsNoEditor'
[2021.02.08-01.23.24:971][  0]LogTargetPlatformManager: Display: Loaded TargetPlatform 'Windows'
[2021.02.08-01.23.25:104][  0]LogTargetPlatformManager: Display: Loaded TargetPlatform 'WindowsClient'
[2021.02.08-01.23.25:137][  0]LogTargetPlatformManager: Display: Loaded TargetPlatform 'WindowsServer'
[2021.02.08-01.23.25:137][  0]LogTargetPlatformManager: Display: Building Assets For Windows
[2021.02.08-01.23.25:221][  0]LogAudioDebug: Display: Lib vorbis DLL was dynamically loaded.
[2021.02.08-01.23.27:034][  0]LogShaderCompilers: Guid format shader working directory is -15 characters bigger than the processId version (../../../../../../Uni Shirt/UnrealWalkingSim/TillDeathDoUsPart/Intermediate/Shaders/WorkingDirectory/26008/).
[2021.02.08-01.23.27:034][  0]LogShaderCompilers: Cleaned the shader compiler working directory 'C:/Users/Cameron/AppData/Local/Temp/UnrealShaderWorkingDir/D10E09FE482754F7E23129B76F2C8A10/'.
[2021.02.08-01.23.27:214][  0]LogXGEController: Cleaning working directory: C:/Users/Cameron/AppData/Local/Temp/UnrealXGEWorkingDir/
[2021.02.08-01.23.27:214][  0]LogXGEController: Cannot use XGE Controller as Incredibuild is not installed on this machine.
[2021.02.08-01.23.27:214][  0]LogShaderCompilers: Cannot use XGE Shader Compiler as Incredibuild is not installed on this machine.
[2021.02.08-01.23.27:214][  0]LogShaderCompilers: Display: Using Local Shader Compiler.
[2021.02.08-01.23.28:271][  0]LogDerivedDataCache: Display: Max Cache Size: 512 MB
[2021.02.08-01.23.28:461][  0]LogDerivedDataCache: Loaded boot cache 0.19s 79MB C:/Users/Cameron/AppData/Local/UnrealEngine/4.25/DerivedDataCache/Boot.ddc.
[2021.02.08-01.23.28:461][  0]LogDerivedDataCache: Display: Loaded Boot cache: C:/Users/Cameron/AppData/Local/UnrealEngine/4.25/DerivedDataCache/Boot.ddc
[2021.02.08-01.23.28:462][  0]LogDerivedDataCache: FDerivedDataBackendGraph:  Pak pak cache file ../../../../../../Uni Shirt/UnrealWalkingSim/TillDeathDoUsPart/DerivedDataCache/DDC.ddp not found, will not use a pak cache.
[2021.02.08-01.23.28:462][  0]LogDerivedDataCache: Unable to find inner node Pak for hierarchical cache Hierarchy.
[2021.02.08-01.23.28:462][  0]LogDerivedDataCache: FDerivedDataBackendGraph:  CompressedPak pak cache file ../../../../../../Uni Shirt/UnrealWalkingSim/TillDeathDoUsPart/DerivedDataCache/Compressed.ddp not found, will not use a pak cache.
[2021.02.08-01.23.28:462][  0]LogDerivedDataCache: Unable to find inner node CompressedPak for hierarchical cache Hierarchy.
[2021.02.08-01.23.28:472][  0]LogDerivedDataCache: Display: Pak cache opened for reading ../../../Engine/DerivedDataCache/Compressed.ddp.
[2021.02.08-01.23.28:472][  0]LogDerivedDataCache: FDerivedDataBackendGraph:  EnterprisePak pak cache file ../../../Enterprise/DerivedDataCache/Compressed.ddp not found, will not use a pak cache.
[2021.02.08-01.23.28:472][  0]LogDerivedDataCache: Unable to find inner node EnterprisePak for hierarchical cache Hierarchy.
[2021.02.08-01.23.28:473][  0]LogDerivedDataCache: Using Local data cache path C:/Users/Cameron/AppData/Local/UnrealEngine/Common/DerivedDataCache: Writable
[2021.02.08-01.23.28:473][  0]LogDerivedDataCache: Shared data cache path not found in *engine.ini, will not use an Shared cache.
[2021.02.08-01.23.28:473][  0]LogDerivedDataCache: Unable to find inner node Shared for hierarchical cache Hierarchy.
[2021.02.08-01.23.28:517][  0]LogSlate: Using FreeType 2.10.0
[2021.02.08-01.23.28:548][  0]LogSlate: SlateFontServices - WITH_FREETYPE: 1, WITH_HARFBUZZ: 1
[2021.02.08-01.23.29:076][  0]LogAssetRegistry: FAssetRegistry took 0.0026 seconds to start up
[2021.02.08-01.23.29:428][  0]LogInit: Selected Device Profile: [Windows]
[2021.02.08-01.23.31:323][  0]LogMeshReduction: Using QuadricMeshReduction for automatic static mesh reduction
[2021.02.08-01.23.31:323][  0]LogMeshReduction: Using SimplygonMeshReduction for automatic skeletal mesh reduction
[2021.02.08-01.23.31:323][  0]LogMeshReduction: Using ProxyLODMeshReduction for automatic mesh merging
[2021.02.08-01.23.31:323][  0]LogMeshReduction: No distributed automatic mesh merging module available
[2021.02.08-01.23.31:323][  0]LogMeshMerging: No distributed automatic mesh merging module available
[2021.02.08-01.23.31:452][  0]LogNetVersion: TillDeathDoUsPart 1.0.0, NetCL: 13144385, EngineNetVer: 14, GameNetVer: 0 (Checksum: 2554756852)
[2021.02.08-01.23.34:757][  0]LogAISub: UAISubsystem::UAISubsystem AISubsystem (00000178CDF67140), frame # 0
[2021.02.08-01.23.34:757][  0]LogAISub: UAISubsystem::UAISubsystem AIPerceptionSystem (00000178CDF32AC0), frame # 0
[2021.02.08-01.23.34:758][  0]LogAISub: UAISubsystem::UAISubsystem EnvQueryManager (00000178CDF75E00), frame # 0
[2021.02.08-01.23.34:804][  0]LogPackageLocalizationCache: Processed 20 localized package path(s) for 1 prioritized culture(s) in 0.039935 seconds
[2021.02.08-01.23.34:808][  0]LogUObjectArray: 15917 objects as part of root set at end of initial load.
[2021.02.08-01.23.34:809][  0]LogUObjectAllocator: 3965568 out of 0 bytes used by permanent object pool.
[2021.02.08-01.23.34:809][  0]LogUObjectArray: CloseDisregardForGC: 0/0 objects in disregard for GC pool
[2021.02.08-01.23.40:942][  0]LogTcpMessaging: Initializing TcpMessaging bridge
[2021.02.08-01.23.40:968][  0]LogUdpMessaging: Initializing bridge on interface 0.0.0.0:0 to multicast group 230.0.0.1:6666.
[2021.02.08-01.23.41:597][  0]SourceControl: Source control is disabled
[2021.02.08-01.23.41:597][  0]SourceControl: Source control is disabled
[2021.02.08-01.23.41:703][  0]SourceControl: Source control is disabled
[2021.02.08-01.23.41:711][  0]SourceControl: Source control is disabled
[2021.02.08-01.23.41:735][  0]SourceControl: Source control is disabled
[2021.02.08-01.23.45:122][  0]LogAndroidPermission: UAndroidPermissionCallbackProxy::GetInstance
[2021.02.08-01.23.45:207][  0]LogAudioCaptureCore: Display: No Audio Capture implementations found. Audio input will be silent.
[2021.02.08-01.23.45:207][  0]LogAudioCaptureCore: Display: No Audio Capture implementations found. Audio input will be silent.
[2021.02.08-01.23.45:531][  0]LogOcInput: OculusInput pre-init called
[2021.02.08-01.23.45:981][  0]LogEngine: Initializing Engine...
[2021.02.08-01.23.46:136][  0]LogHMD: Failed to initialize OpenVR with code 108
[2021.02.08-01.23.46:136][  0]LogMagicLeap: Warning: VR disabled because ZI is not enabled.  To enable, in the editor, Edit -> Project Settings -> Plugins -> Magic Leap Plugin -> Enable Zero Iteration
[2021.02.08-01.23.46:137][  0]LogStats: UGameplayTagsManager::InitializeManager -  0.000 s
[2021.02.08-01.23.46:233][  0]LogInit: Initializing FReadOnlyCVARCache
[2021.02.08-01.23.46:356][  0]LogAIModule: Creating AISystem for world Untitled
[2021.02.08-01.23.46:356][  0]LogAISub: UAISubsystem::UAISubsystem EnvQueryManager (00000178D7447C00), frame # 0
[2021.02.08-01.23.46:356][  0]LogAISub: UAISubsystem::UAISubsystem AIPerceptionSystem (00000178D74A4B80), frame # 0
[2021.02.08-01.23.46:423][  0]LogAudioMixer: Display: Audio Mixer Platform Settings:
[2021.02.08-01.23.46:423][  0]LogAudioMixer: Display: 	Sample Rate:						  48000
[2021.02.08-01.23.46:423][  0]LogAudioMixer: Display: 	Callback Buffer Frame Size Requested: 1024
[2021.02.08-01.23.46:423][  0]LogAudioMixer: Display: 	Callback Buffer Frame Size To Use:	  1024
[2021.02.08-01.23.46:423][  0]LogAudioMixer: Display: 	Number of buffers to queue:			  2
[2021.02.08-01.23.46:423][  0]LogAudioMixer: Display: 	Max Channels (voices):				  32
[2021.02.08-01.23.46:423][  0]LogAudioMixer: Display: 	Number of Async Source Workers:		  0
[2021.02.08-01.23.46:423][  0]LogAudio: Display: AudioDevice MaxSources: 32
[2021.02.08-01.23.46:424][  0]LogAudio: Display: Using built-in audio occlusion.
[2021.02.08-01.23.46:424][  0]LogAudioMixer: Display: Initializing audio mixer.
[2021.02.08-01.23.46:458][  0]LogAudioMixer: Display: 0: FrontLeft
[2021.02.08-01.23.46:458][  0]LogAudioMixer: Display: 1: FrontRight
[2021.02.08-01.23.46:503][  0]LogAudioMixer: Display: Using Audio Device Speakers (Realtek(R) Audio)
[2021.02.08-01.23.46:505][  0]LogAudioMixer: Display: Initializing Sound Submixes...
[2021.02.08-01.23.46:508][  0]LogAudioMixer: Display: Creating Master Submix 'MasterSubmixDefault'
[2021.02.08-01.23.46:508][  0]LogAudioMixer: Display: Creating Master Submix 'MasterReverbSubmixDefault'
[2021.02.08-01.23.46:508][  0]LogAudioMixer: Display: Creating Master Submix 'MasterEQSubmixDefault'
[2021.02.08-01.23.46:509][  0]LogInit: FAudioDevice initialized.
[2021.02.08-01.23.46:509][  0]LogNetVersion: Set ProjectVersion to 1.0.0.0. Version Checksum will be recalculated on next use.
[2021.02.08-01.23.46:698][  0]LogDerivedDataCache: Saved boot cache 0.19s 79MB C:/Users/Cameron/AppData/Local/UnrealEngine/4.25/DerivedDataCache/Boot.ddc.
[2021.02.08-01.23.46:698][  0]LogInit: Texture streaming: Enabled
[2021.02.08-01.23.46:835][  0]LogEngineSessionManager: EngineSessionManager initialized
[2021.02.08-01.23.46:835][  0]LogEditorSessionSummary: Verbose: Initializing EditorSessionSummaryWriter for editor session tracking
[2021.02.08-01.23.46:840][  0]LogEditorSessionSummary: EditorSessionSummaryWriter initialized
[2021.02.08-01.23.47:163][  0]LogInit: Transaction tracking system initialized
[2021.02.08-01.23.47:754][  0]BlueprintLog: New page: Editor Load
[2021.02.08-01.23.49:060][  0]LocalizationService: Localization service is disabled
[2021.02.08-01.23.52:790][  0]LogCook: Display: Max memory allowance for cook 16384mb min free memory 0mb
[2021.02.08-01.23.52:790][  0]LogCook: Display: Mobile HDR setting 1
[2021.02.08-01.23.53:905][  0]LogFileCache: Scanning file cache for directory 'D:/Uni Shirt/UnrealWalkingSim/TillDeathDoUsPart/Content/' took 0.02s
[2021.02.08-01.23.58:395][  0]SourceControl: Source control is disabled
[2021.02.08-01.23.58:395][  0]LogUnrealEdMisc: Loading editor; pre map load, took 52.466
[2021.02.08-01.23.58:395][  0]Cmd: MAP LOAD FILE="../../../../../../Uni Shirt/UnrealWalkingSim/TillDeathDoUsPart/Content/FirstPersonBP/Maps/FirstPersonExampleMap.umap" TEMPLATE=0 SHOWPROGRESS=1 FEATURELEVEL=3
[2021.02.08-01.23.58:395][  0]LogEditorServer: Warning: Can't find file '../../../../../../Uni Shirt/UnrealWalkingSim/TillDeathDoUsPart/Content/FirstPersonBP/Maps/FirstPersonExampleMap.umap'
[2021.02.08-01.23.58:395][  0]Cmd: MAP CHECKDEP NOCLEARLOG
[2021.02.08-01.23.58:396][  0]MapCheck: Map check complete: 0 Error(s), 0 Warning(s), took 0.105ms to complete.
[2021.02.08-01.23.58:396][  0]LogFileHelpers: Loading map 'FirstPersonExampleMap' took 0.000
[2021.02.08-01.23.58:397][  0]LogUnrealEdMisc: Total Editor Startup Time, took 52.469
[2021.02.08-01.23.58:516][  0]LogSlate: Updating window title bar state: overlay mode, drag disabled, window buttons hidden, title bar hidden
[2021.02.08-01.23.58:522][  0]LogSlate: Updating window title bar state: overlay mode, drag disabled, window buttons hidden, title bar hidden
[2021.02.08-01.23.58:527][  0]LogSlate: Updating window title bar state: overlay mode, drag disabled, window buttons hidden, title bar hidden
[2021.02.08-01.23.58:533][  0]LogSlate: Updating window title bar state: overlay mode, drag disabled, window buttons hidden, title bar hidden
[2021.02.08-01.23.58:872][  0]LogCollectionManager: Loaded 0 collections in 0.001237 seconds
[2021.02.08-01.23.58:983][  0]LogFileCache: Scanning file cache for directory 'D:/Uni Shirt/UnrealWalkingSim/TillDeathDoUsPart/Saved/Collections/' took 0.00s
[2021.02.08-01.23.58:983][  0]LogFileCache: Scanning file cache for directory 'D:/Uni Shirt/UnrealWalkingSim/TillDeathDoUsPart/Content/Developers/Cameron/Collections/' took 0.00s
[2021.02.08-01.23.58:983][  0]LogFileCache: Scanning file cache for directory 'D:/Uni Shirt/UnrealWalkingSim/TillDeathDoUsPart/Content/Collections/' took 0.00s
[2021.02.08-01.23.58:983][  0]LogContentBrowser: Native class hierarchy populated in 0.0090 seconds. Added 3437 classes and 839 folders.
[2021.02.08-01.23.59:154][  0]LogContentBrowser: Native class hierarchy updated for 'WidgetCarousel' in 0.0004 seconds. Added 0 classes and 0 folders.
[2021.02.08-01.24.02:872][  0]LogContentBrowser: Native class hierarchy updated for 'AddContentDialog' in 0.0004 seconds. Added 0 classes and 0 folders.
[2021.02.08-01.24.02:929][  0]LogContentBrowser: Native class hierarchy updated for 'SceneOutliner' in 0.0004 seconds. Added 2 classes and 0 folders.
[2021.02.08-01.24.03:193][  0]LogSlate: Took 0.096974 seconds to synchronously load lazily loaded font '../../../Engine/Content/Slate/Fonts/Roboto-Regular.ttf' (155K)
[2021.02.08-01.24.03:213][  0]LogSlate: Took 0.018549 seconds to synchronously load lazily loaded font '../../../Engine/Content/Slate/Fonts/Roboto-Bold.ttf' (160K)
[2021.02.08-01.24.03:236][  0]LogSlate: Took 0.019170 seconds to synchronously load lazily loaded font '../../../Engine/Content/Editor/Slate/Fonts/FontAwesome.ttf' (139K)
[2021.02.08-01.24.03:284][  0]LogRenderer: Reallocating scene render targets to support 1008x376 Format 10 NumSamples 1 (Frame:1).
[2021.02.08-01.24.04:477][  0]LogContentBrowser: Native class hierarchy updated for 'HierarchicalLODOutliner' in 0.0003 seconds. Added 0 classes and 0 folders.
[2021.02.08-01.24.04:477][  0]LogLoad: (Engine Initialization) Total time: 58.55 seconds
[2021.02.08-01.24.04:477][  0]LogLoad: (Engine Initialization) Total Blueprint compile time: 0.00 seconds
[2021.02.08-01.24.04:525][  0]LogAssetRegistry: Asset discovery search completed in 35.4513 seconds
[2021.02.08-01.24.04:528][  0]LogCollectionManager: Fixed up redirectors for 0 collections in 0.000002 seconds (updated 0 objects)
[2021.02.08-01.24.04:529][  0]LogContentStreaming: Texture pool size now 1000 MB
[2021.02.08-01.24.04:576][  0]LogSlate: Took 0.033434 seconds to synchronously load lazily loaded font '../../../Engine/Content/Slate/Fonts/Roboto-Light.ttf' (167K)
[2021.02.08-01.24.21:410][513]MapCheck: New page: Map Check
[2021.02.08-01.24.21:423][513]Cmd: MAP REBUILD ALLVISIBLE
[2021.02.08-01.24.21:423][513]LogEditorServer: Rebuildmap Clear paths rebuilt
[2021.02.08-01.24.21:729][513]LogWorld: UWorld::CleanupWorld for Untitled, bSessionEnded=true, bCleanupResources=false
[2021.02.08-01.24.21:927][513]LogNavigationDataBuild: Display: UNavigationSystemV1::Build started...
[2021.02.08-01.24.21:927][513]LogNavigationDataBuild: Display:    Building navigation data using PHYSICS_INTERFACE_PHYSX.
[2021.02.08-01.24.21:927][513]LogNavigationDataBuild: Display:    Building navigation data using WITH_PHYSX.
[2021.02.08-01.24.21:967][513]LogUObjectHash: Compacting FUObjectHashTables data took   0.67ms
[2021.02.08-01.24.22:045][513]LightingResults: New page: Lighting Build - 8 Feb 2021, 01:24:22
[2021.02.08-01.24.22:102][513]LogContentBrowser: Native class hierarchy updated for 'StatsViewer' in 0.0003 seconds. Added 6 classes and 0 folders.
[2021.02.08-01.24.22:131][513]LogSwarmInterface: [OpenConnection] Registering TCP channel ...
[2021.02.08-01.24.22:189][513]LogSwarmInterface: [OpenConnection] Connecting to agent ...
[2021.02.08-01.24.22:201][513]LogSwarmInterface: [TryOpenConnection] Testing the Agent
[2021.02.08-01.24.22:717][513]LogSwarmInterface: [TryOpenConnection] Opening Connection to Agent
[2021.02.08-01.24.22:717][513]LogSwarmInterface: [TryOpenConnection] Local Process ID is 26008
[2021.02.08-01.24.29:400][513]LogStaticLightingSystem: Warning: No importance volume found, so the scene bounding box was used.  You can optimize your scene's quality and lighting build times by adding importance volumes.
[2021.02.08-01.24.29:400][513]LogStaticLightingSystem: Running Lightmass w/ ImmediateImport mode ENABLED
[2021.02.08-01.24.29:400][513]LogStaticLightingSystem: Running Lightmass w/ ImmediateProcess mode ENABLED
[2021.02.08-01.24.29:400][513]LogStaticLightingSystem: Running Lightmass w/ Sorting mode ENABLED
[2021.02.08-01.24.29:400][513]LogStaticLightingSystem: Running Lightmass w/ Mapping paddings ENABLED
[2021.02.08-01.24.29:400][513]LogStaticLightingSystem: Running Lightmass w/ Mapping debug paddings DISABLED
[2021.02.08-01.24.29:536][513]Cmd: MAP CHECK DONTDISPLAYDIALOG
[2021.02.08-01.24.29:536][513]MapCheck: New page: Untitled_0 - 8 Feb 2021, 01:24:29
[2021.02.08-01.24.29:536][513]MapCheck: Map check complete: 0 Error(s), 0 Warning(s), took 0.236ms to complete.
[2021.02.08-01.24.29:538][513]LogEditorBuildUtils: Build time 0:08
[2021.02.08-01.24.29:629][514]LogUObjectHash: Compacting FUObjectHashTables data took   0.22ms
[2021.02.08-01.24.30:516][557]Job is a success!
[2021.02.08-01.24.30:607][559]LogSlate: Took 0.000264 seconds to synchronously load lazily loaded font '../../../Engine/Content/Slate/Fonts/Roboto-Light.ttf' (167K)
[2021.02.08-01.24.30:725][559]LogVolumetricLightmapImport: Imported Volumetric Lightmap in 0.011s
[2021.02.08-01.24.30:725][559]LogVolumetricLightmapImport:      Indirection Texture 16x16x16 = 0.0Mb
[2021.02.08-01.24.30:725][559]LogVolumetricLightmapImport:      BrickData (all levels) 0.0Mb
[2021.02.08-01.24.30:725][559]LogVolumetricLightmapImport:      Bricks at depth
[2021.02.08-01.24.30:725][559]LogVolumetricLightmapImport:          0: 100.0% covering 100.0% of volume
[2021.02.08-01.24.30:725][559]LogVolumetricLightmapImport:          1: 0.0% covering 0.0% of volume
[2021.02.08-01.24.30:725][559]LogVolumetricLightmapImport:          2: 0.0% covering 0.0% of volume
[2021.02.08-01.24.30:725][559]LogVolumetricLightmapImport:      Bricks in each level
[2021.02.08-01.24.30:725][559]LogVolumetricLightmapImport:          Untitled 			 1 bricks 	 100.0% (Persistent Level)
[2021.02.08-01.24.30:738][559]Lightmass on DESKTOP-RHM9386: 576 ms total, 63 ms importing, 6 ms setup, 17 ms photons, 437 ms processing, 0 ms extra exporting [0/0 mappings]. Threads: 4.80 sec total, 0 ms processing.
[2021.02.08-01.24.30:750][559]LogUObjectHash: Compacting FUObjectHashTables data took   0.22ms
[2021.02.08-01.24.30:818][559]LogStaticLightingSystem: Illumination: 8.69 sec (0 ms encoding lightmaps, 0 ms encoding shadowmaps)
[2021.02.08-01.24.30:818][559]LogStaticLightingSystem: Lightmap texture memory:  0.0 MB (0.0 MB streaming, 0.0 MB non-streaming), 0 textures
[2021.02.08-01.24.30:818][559]LogStaticLightingSystem: Shadowmap texture memory: 0.0 MB (0.0 MB streaming, 0.0 MB non-streaming), 0 textures
[2021.02.08-01.24.31:411][559]DumpUnbuiltLightIteractions
[2021.02.08-01.24.31:411][559]Lights with unbuilt interactions: 0
[2021.02.08-01.24.31:411][559]
[2021.02.08-01.24.31:411][559]Primitives with unbuilt interactions: 0
[2021.02.08-01.24.31:478][560]Cmd: MAP CHECK NOTIFYRESULTS
[2021.02.08-01.24.31:478][560]MapCheck: New page: Untitled_0 - 8 Feb 2021, 01:24:31
[2021.02.08-01.24.31:478][560]MapCheck: Map check complete: 0 Error(s), 0 Warning(s), took 0.197ms to complete.
[2021.02.08-01.25.57:404][536]LogUObjectHash: Compacting FUObjectHashTables data took   0.62ms
[2021.02.08-01.26.07:834][536]LogSlate: Window 'Save Level As' being destroyed
[2021.02.08-01.26.08:053][536]Cmd: OBJ SAVEPACKAGE PACKAGE="/Game/TillDeathDoUsPart" FILE="../../../../../../Uni Shirt/UnrealWalkingSim/TillDeathDoUsPart/Content/TillDeathDoUsPart.umap" SILENT=true AUTOSAVING=false KEEPDIRTY=false
[2021.02.08-01.26.08:063][536]LogUObjectHash: Compacting FUObjectHashTables data took   0.25ms
[2021.02.08-01.26.08:067][536]LogSavePackage: Moving '../../../../../../Uni Shirt/UnrealWalkingSim/TillDeathDoUsPart/Saved/TillDeathDoUsPart96A3C9E9456E116EA8FFD98C238EF274.tmp' to '../../../../../../Uni Shirt/UnrealWalkingSim/TillDeathDoUsPart/Content/TillDeathDoUsPart.umap'
[2021.02.08-01.26.08:097][536]LogFileHelpers: Saving map 'TillDeathDoUsPart' took 0.256
[2021.02.08-01.26.08:097][536]Cmd: OBJ SAVEPACKAGE PACKAGE="/Game/TillDeathDoUsPart_BuiltData" FILE="../../../../../../Uni Shirt/UnrealWalkingSim/TillDeathDoUsPart/Content/TillDeathDoUsPart_BuiltData.uasset" SILENT=true
[2021.02.08-01.26.08:099][536]LogSavePackage: Moving '../../../../../../Uni Shirt/UnrealWalkingSim/TillDeathDoUsPart/Saved/TillDeathDoUsPart_BuiltDataB70D03DD41ED3814BE5275BB1EA28697.tmp' to '../../../../../../Uni Shirt/UnrealWalkingSim/TillDeathDoUsPart/Content/TillDeathDoUsPart_BuiltData.uasset'
[2021.02.08-01.26.16:702][536]AssetCheck: New page: Asset Save: multiple assets
[2021.02.08-01.26.16:702][536]LogContentValidation: Display: Validating World /Game/TillDeathDoUsPart.TillDeathDoUsPart
[2021.02.08-01.26.16:702][536]LogContentValidation: Display: Validating MapBuildDataRegistry /Game/TillDeathDoUsPart_BuiltData.TillDeathDoUsPart_BuiltData
[2021.02.08-01.26.31:693][191]LogUObjectHash: Compacting FUObjectHashTables data took   0.55ms
[2021.02.08-01.26.40:182][191]LogMainFrame: Project requires temp target (MultiUserClient plugin is enabled)
[2021.02.08-01.26.40:182][191]LogLauncherProfile: Unable to use promoted target - ../../../../../../Uni Shirt/UnrealWalkingSim/TillDeathDoUsPart/Binaries/Win64/UE4Game.target does not exist.
[2021.02.08-01.26.40:452][191]UATHelper: Packaging (Windows (64-bit)): Running AutomationTool...
[2021.02.08-01.26.40:809][231]UATHelper: Packaging (Windows (64-bit)): Parsing command line: -ScriptsForProject="D:/Uni Shirt/UnrealWalkingSim/TillDeathDoUsPart/TillDeathDoUsPart.uproject" BuildCookRun -nocompileeditor -installed -nop4 -project="D:/Uni Shirt/UnrealWalkingSim/TillDeathDoUsPart/TillDeathDoUsPart.uproject" -cook -stage -archive -archivedirectory="D:/Uni Shirt/UnrealWalkingSim/TillDeathDoUsPart/Game" -package -ue4exe="D:\Program Files\Epic Games\UE_4.25\Engine\Binaries\Win64\UE4Editor-Cmd.exe" -pak -prereqs -nodebuginfo -targetplatform=Win64 -build -clientconfig=Development -utf8output
[2021.02.08-01.26.41:976][371]UATHelper: Packaging (Windows (64-bit)): Setting up ProjectParams for D:\Uni Shirt\UnrealWalkingSim\TillDeathDoUsPart\TillDeathDoUsPart.uproject
[2021.02.08-01.26.42:160][393]UATHelper: Packaging (Windows (64-bit)): TillDeathDoUsPart.uproject requires a temporary target.cs to be generated (MultiUserClient plugin is enabled)
[2021.02.08-01.26.42:660][453]UATHelper: Packaging (Windows (64-bit)): ********** BUILD COMMAND STARTED **********
[2021.02.08-01.26.42:677][455]UATHelper: Packaging (Windows (64-bit)): Running: D:\Program Files\Epic Games\UE_4.25\Engine\Binaries\DotNET\UnrealBuildTool.exe TillDeathDoUsPart Win64 Development -Project="D:\Uni Shirt\UnrealWalkingSim\TillDeathDoUsPart\TillDeathDoUsPart.uproject"  "D:\Uni Shirt\UnrealWalkingSim\TillDeathDoUsPart\TillDeathDoUsPart.uproject" -NoUBTMakefiles  -remoteini="D:\Uni Shirt\UnrealWalkingSim\TillDeathDoUsPart" -skipdeploy -Manifest="D:\Uni Shirt\UnrealWalkingSim\TillDeathDoUsPart\Intermediate\Build\Manifest.xml" -NoHotReload -log="C:\Users\Cameron\AppData\Roaming\Unreal Engine\AutomationTool\Logs\D+Program+Files+Epic+Games+UE_4.25\UBT-TillDeathDoUsPart-Win64-Development.txt"
[2021.02.08-01.26.42:969][490]UATHelper: Packaging (Windows (64-bit)):   Using 'git status' to determine working set for adaptive non-unity build (D:\Uni Shirt\UnrealWalkingSim).
[2021.02.08-01.26.44:975][610]UATHelper: Packaging (Windows (64-bit)):   ERROR: Windows SDK must be installed in order to build this target.
[2021.02.08-01.26.44:975][610]UATHelper: Packaging (Windows (64-bit)): Took 2.1284776s to run UnrealBuildTool.exe, ExitCode=6
[2021.02.08-01.26.44:975][610]UATHelper: Packaging (Windows (64-bit)): UnrealBuildTool failed. See log for more details. (C:\Users\Cameron\AppData\Roaming\Unreal Engine\AutomationTool\Logs\D+Program+Files+Epic+Games+UE_4.25\UBT-TillDeathDoUsPart-Win64-Development.txt)
[2021.02.08-01.26.44:975][610]UATHelper: Packaging (Windows (64-bit)): AutomationTool exiting with ExitCode=6 (6)
[2021.02.08-01.26.44:975][610]UATHelper: Packaging (Windows (64-bit)): BUILD FAILED
[2021.02.08-01.26.44:975][610]PackagingResults: Error: Windows SDK must be installed in order to build this target.
[2021.02.08-01.26.44:975][610]PackagingResults: Error: Unknown Error
[2021.02.08-01.26.47:079][616]LogSlate: Took 0.022802 seconds to synchronously load lazily loaded font '../../../Engine/Content/Slate/Fonts/DroidSansMono.ttf' (77K)
[2021.02.08-01.26.54:962][538]LogSlate: Window 'Output Log' being destroyed
[2021.02.08-01.26.54:967][538]LogSlate: Window 'Output Log' being destroyed
[2021.02.08-01.28.42:665][277]LogSlate: Window 'Project Settings' being destroyed
[2021.02.08-01.28.42:669][277]LogSlate: Window 'Project Settings' being destroyed
[2021.02.08-01.28.45:688][554]LogUObjectHash: Compacting FUObjectHashTables data took   0.55ms
[2021.02.08-01.28.47:612][554]LogMainFrame: Project requires temp target (MultiUserClient plugin is enabled)
[2021.02.08-01.28.47:612][554]LogLauncherProfile: Unable to use promoted target - ../../../../../../Uni Shirt/UnrealWalkingSim/TillDeathDoUsPart/Binaries/Win64/UE4Game.target does not exist.
[2021.02.08-01.28.47:684][558]UATHelper: Packaging (Windows (64-bit)): Running AutomationTool...
[2021.02.08-01.28.47:785][562]UATHelper: Packaging (Windows (64-bit)): Parsing command line: -ScriptsForProject="D:/Uni Shirt/UnrealWalkingSim/TillDeathDoUsPart/TillDeathDoUsPart.uproject" BuildCookRun -nocompileeditor -installed -nop4 -project="D:/Uni Shirt/UnrealWalkingSim/TillDeathDoUsPart/TillDeathDoUsPart.uproject" -cook -stage -archive -archivedirectory="D:/Uni Shirt/UnrealWalkingSim/TillDeathDoUsPart/Game" -package -ue4exe="D:\Program Files\Epic Games\UE_4.25\Engine\Binaries\Win64\UE4Editor-Cmd.exe" -pak -prereqs -nodebuginfo -targetplatform=Win64 -build -clientconfig=Development -utf8output
[2021.02.08-01.28.48:405][630]UATHelper: Packaging (Windows (64-bit)): Setting up ProjectParams for D:\Uni Shirt\UnrealWalkingSim\TillDeathDoUsPart\TillDeathDoUsPart.uproject
[2021.02.08-01.28.48:572][650]UATHelper: Packaging (Windows (64-bit)): TillDeathDoUsPart.uproject requires a temporary target.cs to be generated (MultiUserClient plugin is enabled)
[2021.02.08-01.28.48:805][678]UATHelper: Packaging (Windows (64-bit)): ********** BUILD COMMAND STARTED **********
[2021.02.08-01.28.48:814][679]UATHelper: Packaging (Windows (64-bit)): Running: D:\Program Files\Epic Games\UE_4.25\Engine\Binaries\DotNET\UnrealBuildTool.exe TillDeathDoUsPart Win64 Development -Project="D:\Uni Shirt\UnrealWalkingSim\TillDeathDoUsPart\TillDeathDoUsPart.uproject"  "D:\Uni Shirt\UnrealWalkingSim\TillDeathDoUsPart\TillDeathDoUsPart.uproject" -NoUBTMakefiles  -remoteini="D:\Uni Shirt\UnrealWalkingSim\TillDeathDoUsPart" -skipdeploy -Manifest="D:\Uni Shirt\UnrealWalkingSim\TillDeathDoUsPart\Intermediate\Build\Manifest.xml" -NoHotReload -log="C:\Users\Cameron\AppData\Roaming\Unreal Engine\AutomationTool\Logs\D+Program+Files+Epic+Games+UE_4.25\UBT-TillDeathDoUsPart-Win64-Development.txt"
[2021.02.08-01.28.49:215][724]UATHelper: Packaging (Windows (64-bit)):   Using 'git status' to determine working set for adaptive non-unity build (D:\Uni Shirt\UnrealWalkingSim).
[2021.02.08-01.28.49:666][777]UATHelper: Packaging (Windows (64-bit)):   ERROR: Windows SDK must be installed in order to build this target.
[2021.02.08-01.28.49:667][777]PackagingResults: Error: Windows SDK must be installed in order to build this target.
[2021.02.08-01.28.49:701][781]UATHelper: Packaging (Windows (64-bit)): Took 0.8901998s to run UnrealBuildTool.exe, ExitCode=6
[2021.02.08-01.28.49:708][782]UATHelper: Packaging (Windows (64-bit)): UnrealBuildTool failed. See log for more details. (C:\Users\Cameron\AppData\Roaming\Unreal Engine\AutomationTool\Logs\D+Program+Files+Epic+Games+UE_4.25\UBT-TillDeathDoUsPart-Win64-Development.txt)
[2021.02.08-01.28.49:717][783]UATHelper: Packaging (Windows (64-bit)): AutomationTool exiting with ExitCode=6 (6)
[2021.02.08-01.28.49:734][785]UATHelper: Packaging (Windows (64-bit)): BUILD FAILED
[2021.02.08-01.28.49:734][785]PackagingResults: Error: Unknown Error
